17:57:00 **** Incremental Build of configuration Default for project argos3-master ****
make all 
[ 21%] Built target argos3core_simulator
[ 21%] Built target argos3
[ 22%] Built target argos3plugin_simulator_media
[ 29%] Built target argos3plugin_simulator_entities
[ 44%] Built target argos3plugin_simulator_qtopengl
[ 61%] Built target argos3plugin_simulator_dynamics2d
[ 63%] Built target argos3plugin_simulator_pointmass3d
[ 76%] Built target argos3plugin_simulator_genericrobot
[ 87%] Built target argos3plugin_simulator_footbot
[ 90%] Built target argos3plugin_simulator_eyebot
[ 92%] Built target argos3plugin_simulator_epuck
[ 94%] Built target argos3plugin_simulator_spiri
[ 95%] Built target argos3_prof
[ 95%] Built target test-client
[ 96%] Built target test-cylinder
[ 96%] Built target test-grid
[ 97%] Built target test-list
[ 97%] Built target test-range
[ 98%] Built target test-server
[ 98%] Built target test_eyebot_controller
[ 99%] Built target test_footbot_controller
[100%] Built target test_loop_functions

17:57:01 Build Finished (took 670ms)

