09:42:36 **** Incremental Build of configuration Default for project enki_viewer ****
make all 
g++ -c -o obj/Syncronization.o Syncronization.cpp -pipe -O2 -Wall -Wextra -I. -I/home/liwei/Softwares/enki-master -I/home/liwei/Softwares/enki-master/viewer -I/usr/include/qt4
In file included from /usr/include/c++/4.8/cassert:43:0,
                 from /home/liwei/Softwares/enki-master/enki/Types.h:40,
                 from /home/liwei/Softwares/enki-master/enki/PhysicalEngine.h:38,
                 from /home/liwei/Softwares/enki-master/viewer/Viewer.h:43,
                 from Syncronization.cpp:1:
/home/liwei/Softwares/enki-master/enki/Types.h: In member function ‘const double& Enki::Color::operator[](size_t) const’:
/home/liwei/Softwares/enki-master/enki/Types.h:70:59: warning: comparison of unsigned expression >= 0 is always true [-Wtype-limits]
   const double& operator[](size_t i) const { assert((i >= 0) && (i < 4)); return components[i]; }
                                                           ^
/home/liwei/Softwares/enki-master/enki/Types.h: In member function ‘double& Enki::Color::operator[](size_t)’:
/home/liwei/Softwares/enki-master/enki/Types.h:72:47: warning: comparison of unsigned expression >= 0 is always true [-Wtype-limits]
   double& operator[](size_t i) { assert((i >= 0) && (i < 4)); return components[i]; }
                                               ^
In file included from /home/liwei/Softwares/enki-master/enki/PhysicalEngine.h:40:0,
                 from /home/liwei/Softwares/enki-master/viewer/Viewer.h:43,
                 from Syncronization.cpp:1:
/home/liwei/Softwares/enki-master/enki/Interaction.h: At global scope:
/home/liwei/Softwares/enki-master/enki/Interaction.h:72:16: warning: unused parameter ‘dt’ [-Wunused-parameter]
   virtual void init(double dt, World* w) { }
                ^
/home/liwei/Softwares/enki-master/enki/Interaction.h:72:16: warning: unused parameter ‘w’ [-Wunused-parameter]
/home/liwei/Softwares/enki-master/enki/Interaction.h:79:16: warning: unused parameter ‘dt’ [-Wunused-parameter]
   virtual void objectStep(double dt, World* w, PhysicalObject *po) { }
                ^
/home/liwei/Softwares/enki-master/enki/Interaction.h:79:16: warning: unused parameter ‘w’ [-Wunused-parameter]
/home/liwei/Softwares/enki-master/enki/Interaction.h:79:16: warning: unused parameter ‘po’ [-Wunused-parameter]
/home/liwei/Softwares/enki-master/enki/Interaction.h:84:16: warning: unused parameter ‘dt’ [-Wunused-parameter]
   virtual void wallsStep(double dt, World* w) { }
                ^
/home/liwei/Softwares/enki-master/enki/Interaction.h:84:16: warning: unused parameter ‘w’ [-Wunused-parameter]
/home/liwei/Softwares/enki-master/enki/Interaction.h:86:16: warning: unused parameter ‘dt’ [-Wunused-parameter]
   virtual void finalize(double dt, World* w) { }
                ^
/home/liwei/Softwares/enki-master/enki/Interaction.h:86:16: warning: unused parameter ‘w’ [-Wunused-parameter]
/home/liwei/Softwares/enki-master/enki/Interaction.h:107:16: warning: unused parameter ‘dt’ [-Wunused-parameter]
   virtual void init(double dt, World *w) { }
                ^
/home/liwei/Softwares/enki-master/enki/Interaction.h:107:16: warning: unused parameter ‘w’ [-Wunused-parameter]
/home/liwei/Softwares/enki-master/enki/Interaction.h:109:16: warning: unused parameter ‘dt’ [-Wunused-parameter]
   virtual void step(double dt, World *w) { }
                ^
/home/liwei/Softwares/enki-master/enki/Interaction.h:109:16: warning: unused parameter ‘w’ [-Wunused-parameter]
/home/liwei/Softwares/enki-master/enki/Interaction.h:111:16: warning: unused parameter ‘dt’ [-Wunused-parameter]
   virtual void finalize(double dt, World *w) { }
                ^
/home/liwei/Softwares/enki-master/enki/Interaction.h:111:16: warning: unused parameter ‘w’ [-Wunused-parameter]
In file included from /home/liwei/Softwares/enki-master/viewer/Viewer.h:43:0,
                 from Syncronization.cpp:1:
/home/liwei/Softwares/enki-master/enki/PhysicalEngine.h:338:16: warning: unused parameter ‘dt’ [-Wunused-parameter]
   virtual void initLocalInteractions(double dt, World* w) { }
                ^
/home/liwei/Softwares/enki-master/enki/PhysicalEngine.h:338:16: warning: unused parameter ‘w’ [-Wunused-parameter]
/home/liwei/Softwares/enki-master/enki/PhysicalEngine.h:340:16: warning: unused parameter ‘dt’ [-Wunused-parameter]
   virtual void doLocalInteractions(double dt, World *w, PhysicalObject *o) { }
                ^
/home/liwei/Softwares/enki-master/enki/PhysicalEngine.h:340:16: warning: unused parameter ‘w’ [-Wunused-parameter]
/home/liwei/Softwares/enki-master/enki/PhysicalEngine.h:340:16: warning: unused parameter ‘o’ [-Wunused-parameter]
/home/liwei/Softwares/enki-master/enki/PhysicalEngine.h:342:16: warning: unused parameter ‘dt’ [-Wunused-parameter]
   virtual void doLocalWallsInteraction(double dt, World* w) { }
                ^
/home/liwei/Softwares/enki-master/enki/PhysicalEngine.h:342:16: warning: unused parameter ‘w’ [-Wunused-parameter]
/home/liwei/Softwares/enki-master/enki/PhysicalEngine.h:344:16: warning: unused parameter ‘dt’ [-Wunused-parameter]
   virtual void finalizeLocalInteractions(double dt, World* w) { }
                ^
/home/liwei/Softwares/enki-master/enki/PhysicalEngine.h:344:16: warning: unused parameter ‘w’ [-Wunused-parameter]
/home/liwei/Softwares/enki-master/enki/PhysicalEngine.h:347:16: warning: unused parameter ‘dt’ [-Wunused-parameter]
   virtual void initGlobalInteractions(double dt, World* w) { }
                ^
/home/liwei/Softwares/enki-master/enki/PhysicalEngine.h:347:16: warning: unused parameter ‘w’ [-Wunused-parameter]
/home/liwei/Softwares/enki-master/enki/PhysicalEngine.h:349:16: warning: unused parameter ‘dt’ [-Wunused-parameter]
   virtual void doGlobalInteractions(double dt, World* w) { }
                ^
/home/liwei/Softwares/enki-master/enki/PhysicalEngine.h:349:16: warning: unused parameter ‘w’ [-Wunused-parameter]
/home/liwei/Softwares/enki-master/enki/PhysicalEngine.h:351:16: warning: unused parameter ‘dt’ [-Wunused-parameter]
   virtual void finalizeGlobalInteractions(double dt, World* w) { }
                ^
/home/liwei/Softwares/enki-master/enki/PhysicalEngine.h:351:16: warning: unused parameter ‘w’ [-Wunused-parameter]
/home/liwei/Softwares/enki-master/enki/PhysicalEngine.h:501:16: warning: unused parameter ‘dt’ [-Wunused-parameter]
   virtual void controlStep(double dt) { }
                ^
In file included from Syncronization.cpp:1:0:
/home/liwei/Softwares/enki-master/viewer/Viewer.h:70:17: warning: unused parameter ‘object’ [-Wunused-parameter]
    virtual void drawSpecial(PhysicalObject* object, int param = 0) const { }
                 ^
/home/liwei/Softwares/enki-master/viewer/Viewer.h:70:17: warning: unused parameter ‘param’ [-Wunused-parameter]
/home/liwei/Softwares/enki-master/viewer/Viewer.h:72:17: warning: unused parameter ‘viewer’ [-Wunused-parameter]
    virtual void cleanup(ViewerWidget* viewer) { }
                 ^
Syncronization.cpp: In member function ‘virtual void EnkiPlayground::timerEvent(QTimerEvent*)’:
Syncronization.cpp:191:17: warning: unused variable ‘fireCounter’ [-Wunused-variable]
      static int fireCounter = 0;
                 ^
g++ -o Syncronization obj/Syncronization.o -L. -L/home/liwei/Softwares/enki-master/enki -L/home/liwei/Softwares/enki-master/viewer -lenki -lenkiviewer -lgsl -lgslcblas -lm -lQtOpenGL -lQtGui -lQtCore -lGLU -lGL -lX11 -lXext

09:42:38 Build Finished (took 2s.211ms)

